FILE_TYPE=LIBRARY_PARTS;
PRIMITIVE 'QSB34CGR','QSB34CGR_Small Outline Diode';
  PIN
    'K':
      PIN_NUMBER='(1)';
      NO_LOAD_CHECK=BOTH;
      NO_IO_CHECK=BOTH;
      ALLOW_CONNECT=TRUE;
      PINUSE='UNSPEC';
    'A':
      PIN_NUMBER='(2)';
      NO_LOAD_CHECK=BOTH;
      NO_IO_CHECK=BOTH;
      ALLOW_CONNECT=TRUE;
      PINUSE='UNSPEC';
  END_PIN;
  BODY
    PART_NAME='QSB34CGR';
    PHYS_DES_PREFIX='D';
    NO_LOAD_CHECK='TRUE';
    PIN_COUNT='2';
    BODY_NAME='QSB34CGR';
    JEDEC_TYPE='SOD6439X180N';
  END_BODY;
END_PRIMITIVE;
END.
